<?xml version="1.0" encoding="UTF-8"?>
<testng-results skipped="0" failed="0" ignored="0" total="1" passed="1">
  <reporter-output>
  </reporter-output>
  <suite name="Command line suite" duration-ms="20" started-at="2023-05-04T20:30:23 BST" finished-at="2023-05-04T20:30:24 BST">
    <groups>
    </groups>
    <test name="Command line test" duration-ms="20" started-at="2023-05-04T20:30:23 BST" finished-at="2023-05-04T20:30:24 BST">
      <class name="com.orangehrmlive.demo.AppTest">
        <test-method status="PASS" signature="testApp()[pri:0, instance:testApp(com.orangehrmlive.demo.AppTest)]" name="testApp" duration-ms="4" started-at="2023-05-04T20:30:24 BST" finished-at="2023-05-04T20:30:24 BST">
          <reporter-output>
          </reporter-output>
        </test-method> <!-- testApp -->
      </class> <!-- com.orangehrmlive.demo.AppTest -->
    </test> <!-- Command line test -->
  </suite> <!-- Command line suite -->
</testng-results>
