<?xml version="1.0" encoding="UTF-8"?>
<!-- Generated by org.testng.reporters.JUnitXMLReporter -->
<testsuite hostname="DESKTOP-1RV8L6R" ignored="0" name="Command line test" tests="1" failures="0" timestamp="2023-05-04T21:02:15 BST" time="4.516" errors="0">
  <testcase name="@BeforeMethod setUp" time="4.46" classname="com.orangehrmlive.demo.basetest.BaseTest">
    <failure type="java.lang.NullPointerException" message="null value in entry: url=null">
      <![CDATA[java.lang.NullPointerException: null value in entry: url=null
at com.google.common.collect.CollectPreconditions.checkEntryNotNull(CollectPreconditions.java:33)
at com.google.common.collect.SingletonImmutableBiMap.<init>(SingletonImmutableBiMap.java:43)
at com.google.common.collect.ImmutableBiMap.of(ImmutableBiMap.java:81)
at com.google.common.collect.ImmutableMap.of(ImmutableMap.java:128)
at org.openqa.selenium.remote.DriverCommand.GET(DriverCommand.java:187)
at org.openqa.selenium.remote.RemoteWebDriver.get(RemoteWebDriver.java:297)
at com.orangehrmlive.demo.browserfactory.ManageBrowser.selectBrowser(ManageBrowser.java:29)
at com.orangehrmlive.demo.basetest.BaseTest.setUp(BaseTest.java:12)
at java.util.ArrayList.forEach(ArrayList.java:1249)
... Removed 41 stack frames]]>
    </failure>
  </testcase> <!-- @BeforeMethod setUp -->
  <testcase name="@AfterMethod tearDown" time="0.0" classname="com.orangehrmlive.demo.basetest.BaseTest">
    <skipped/>
  </testcase> <!-- @AfterMethod tearDown -->
  <testcase name="bankManagerShouldAddCustomerSuccessfully" time="0.0" classname="com.orangehrmlive.demo.testsuite.LoginTest">
    <skipped/>
  </testcase> <!-- bankManagerShouldAddCustomerSuccessfully -->
</testsuite> <!-- Command line test -->
